#
# There is insufficient memory for the Java Runtime Environment to continue.
# Native memory allocation (malloc) failed to allocate 32744 bytes for ChunkPool::allocate
# Possible reasons:
#   The system is out of physical RAM or swap space
#   In 32 bit mode, the process size limit was hit
# Possible solutions:
#   Reduce memory load on the system
#   Increase physical memory or swap space
#   Check if swap backing store is full
#   Use 64 bit Java on a 64 bit OS
#   Decrease Java heap size (-Xmx/-Xms)
#   Decrease number of Java threads
#   Decrease Java thread stack sizes (-Xss)
#   Set larger code cache with -XX:ReservedCodeCacheSize=
# This output file may be truncated or incomplete.
#
#  Out of Memory Error (allocation.cpp:273), pid=7988, tid=3900
#
# JRE version: Java(TM) SE Runtime Environment (8.0_91-b14) (build 1.8.0_91-b14)
# Java VM: Java HotSpot(TM) 64-Bit Server VM (25.91-b14 mixed mode windows-amd64 compressed oops)
# Failed to write core dump. Minidumps are not enabled by default on client versions of Windows
#

---------------  T H R E A D  ---------------

Current thread (0x000000001a03b000):  JavaThread "C2 CompilerThread1" daemon [_thread_in_native, id=3900, stack(0x000000001cc20000,0x000000001cd20000)]

Stack: [0x000000001cc20000,0x000000001cd20000]
[error occurred during error reporting (printing stack bounds), id 0xc0000005]

Native frames: (J=compiled Java code, j=interpreted, Vv=VM code, C=native code)


Current CompileTask:
C2:  26174 12634       4       org.antlr.v4.runtime.atn.LexerATNSimulator::getReachableConfigSet (210 bytes)


---------------  P R O C E S S  ---------------

Java Threads: ( => current thread )
  0x000000001fb64000 JavaThread "BuilderThread 3" [_thread_in_native, id=9972, stack(0x0000000026180000,0x0000000026280000)]
  0x000000001fb61000 JavaThread "BuilderThread 2" [_thread_blocked, id=9452, stack(0x00000000258a0000,0x00000000259a0000)]
  0x0000000021db8000 JavaThread "BuilderThread 1" [_thread_in_native, id=3224, stack(0x000000001c3d0000,0x000000001c4d0000)]
  0x00000000202f3000 JavaThread "BuilderThread 0" [_thread_blocked, id=9076, stack(0x0000000021610000,0x0000000021710000)]
  0x000000001b299800 JavaThread "Service Thread" daemon [_thread_blocked, id=5664, stack(0x000000001d090000,0x000000001d190000)]
  0x000000001b20f000 JavaThread "C1 CompilerThread3" daemon [_thread_blocked, id=8764, stack(0x000000001ce00000,0x000000001cf00000)]
  0x000000001a03f000 JavaThread "C2 CompilerThread2" daemon [_thread_in_native, id=8028, stack(0x000000001c8f0000,0x000000001c9f0000)]
=>0x000000001a03b000 JavaThread "C2 CompilerThread1" daemon [_thread_in_native, id=3900, stack(0x000000001cc20000,0x000000001cd20000)]
  0x000000001b1f3000 JavaThread "C2 CompilerThread0" daemon [_thread_in_native, id=5620, stack(0x000000001ca50000,0x000000001cb50000)]
  0x000000001b1f2000 JavaThread "Attach Listener" daemon [_thread_blocked, id=7516, stack(0x000000001c7f0000,0x000000001c8f0000)]
  0x000000001b1ff800 JavaThread "Signal Dispatcher" daemon [_thread_blocked, id=4584, stack(0x000000001c680000,0x000000001c780000)]
  0x000000001a032800 JavaThread "Finalizer" daemon [_thread_blocked, id=9552, stack(0x000000001c4f0000,0x000000001c5f0000)]
  0x000000001a02b800 JavaThread "Reference Handler" daemon [_thread_blocked, id=5208, stack(0x000000001c0f0000,0x000000001c1f0000)]
  0x0000000002248000 JavaThread "main" [_thread_blocked, id=6608, stack(0x00000000026b0000,0x00000000027b0000)]

Other Threads:
  0x000000001b1a2800 VMThread [stack: 0x000000001c2c0000,0x000000001c3c0000] [id=6972]
  0x000000001b2ad800 WatcherThread [stack: 0x000000001d280000,0x000000001d380000] [id=4232]

VM state:not at safepoint (normal execution)

VM Mutex/Monitor currently owned by a thread: None

Heap:
 PSYoungGen      total 899584K, used 33749K [0x0000000780700000, 0x00000007c0000000, 0x00000007c0000000)
  eden space 858112K, 3% used [0x0000000780700000,0x00000007827f5548,0x00000007b4d00000)
  from space 41472K, 0% used [0x00000007b4d00000,0x00000007b4d00000,0x00000007b7580000)
  to   space 44032K, 0% used [0x00000007bd500000,0x00000007bd500000,0x00000007c0000000)
 ParOldGen       total 291840K, used 137227K [0x0000000701400000, 0x0000000713100000, 0x0000000780700000)
  object space 291840K, 47% used [0x0000000701400000,0x0000000709a02f98,0x0000000713100000)
 Metaspace       used 50920K, capacity 52480K, committed 57216K, reserved 1099776K
  class space    used 6150K, capacity 6535K, committed 7296K, reserved 1048576K

Card table byte_map: [0x0000000011e40000,0x0000000012440000] byte_map_base: 0x000000000e636000

Marking Bits: (ParMarkBitMap*) 0x000000006d8b2f70
 Begin Bits: [0x00000000130e0000, 0x0000000016090000)
 End Bits:   [0x0000000016090000, 0x0000000019040000)

Polling page: 0x00000000001c0000

CodeCache: size=245760Kb used=37547Kb max_used=37561Kb free=208212Kb
 bounds [0x0000000002a80000, 0x0000000004f60000, 0x0000000011a80000]
 total_blobs=10960 nmethods=10498 adapters=372
 compilation: enabled

Compilation events (10 events):
Event: 26.157 Thread 0x000000001b20f000 12994       2       com.sun.tools.javac.code.Types::subst (15 bytes)
Event: 26.158 Thread 0x000000001b20f000 nmethod 12994 0x0000000003b32d90 code [0x0000000003b32f00, 0x0000000003b330f8]
Event: 26.163 Thread 0x000000001b20f000 13000       2       com.sun.tools.javac.tree.TreeTranslator::translateTypeParams (34 bytes)
Event: 26.164 Thread 0x000000001b20f000 nmethod 13000 0x0000000003b32850 code [0x0000000003b329c0, 0x0000000003b32c48]
Event: 26.164 Thread 0x000000001b20f000 13001       1       com.sun.tools.javac.comp.LambdaToMethod::access$2300 (5 bytes)
Event: 26.164 Thread 0x000000001b20f000 nmethod 13001 0x0000000002f8efd0 code [0x0000000002f8f120, 0x0000000002f8f210]
Event: 26.167 Thread 0x000000001b20f000 13002       2       com.sun.tools.javac.comp.LambdaToMethod::translate (32 bytes)
Event: 26.168 Thread 0x000000001b20f000 nmethod 13002 0x0000000003b322d0 code [0x0000000003b32440, 0x0000000003b32738]
Event: 26.168 Thread 0x000000001b20f000 13003   !   2       com.sun.tools.javac.comp.LambdaToMethod::translate (35 bytes)
Event: 26.168 Thread 0x000000001b20f000 nmethod 13003 0x0000000003b31e10 code [0x0000000003b31f80, 0x0000000003b321e8]

GC Heap History (10 events):
Event: 20.526 GC heap before
{Heap before GC invocations=16 (full 2):
 PSYoungGen      total 522240K, used 522230K [0x0000000780700000, 0x00000007ac880000, 0x00000007c0000000)
  eden space 492032K, 100% used [0x0000000780700000,0x000000079e780000,0x000000079e780000)
  from space 30208K, 99% used [0x000000079e780000,0x00000007a04fdb00,0x00000007a0500000)
  to   space 38400K, 0% used [0x00000007aa300000,0x00000007aa300000,0x00000007ac880000)
 ParOldGen       total 155136K, used 65014K [0x0000000701400000, 0x000000070ab80000, 0x0000000780700000)
  object space 155136K, 41% used [0x0000000701400000,0x000000070537db28,0x000000070ab80000)
 Metaspace       used 52471K, capacity 54160K, committed 54400K, reserved 1097728K
  class space    used 6511K, capacity 6941K, committed 7040K, reserved 1048576K
Event: 20.583 GC heap after
Heap after GC invocations=16 (full 2):
 PSYoungGen      total 680448K, used 35143K [0x0000000780700000, 0x00000007add00000, 0x00000007c0000000)
  eden space 642048K, 0% used [0x0000000780700000,0x0000000780700000,0x00000007a7a00000)
  from space 38400K, 91% used [0x00000007aa300000,0x00000007ac551fa0,0x00000007ac880000)
  to   space 41984K, 0% used [0x00000007a7a00000,0x00000007a7a00000,0x00000007aa300000)
 ParOldGen       total 155136K, used 81803K [0x0000000701400000, 0x000000070ab80000, 0x0000000780700000)
  object space 155136K, 52% used [0x0000000701400000,0x00000007063e2c70,0x000000070ab80000)
 Metaspace       used 52471K, capacity 54160K, committed 54400K, reserved 1097728K
  class space    used 6511K, capacity 6941K, committed 7040K, reserved 1048576K
}
Event: 21.588 GC heap before
{Heap before GC invocations=17 (full 2):
 PSYoungGen      total 680448K, used 677191K [0x0000000780700000, 0x00000007add00000, 0x00000007c0000000)
  eden space 642048K, 100% used [0x0000000780700000,0x00000007a7a00000,0x00000007a7a00000)
  from space 38400K, 91% used [0x00000007aa300000,0x00000007ac551fa0,0x00000007ac880000)
  to   space 41984K, 0% used [0x00000007a7a00000,0x00000007a7a00000,0x00000007aa300000)
 ParOldGen       total 155136K, used 81803K [0x0000000701400000, 0x000000070ab80000, 0x0000000780700000)
  object space 155136K, 52% used [0x0000000701400000,0x00000007063e2c70,0x000000070ab80000)
 Metaspace       used 52808K, capacity 54530K, committed 54656K, reserved 1097728K
  class space    used 6530K, capacity 6976K, committed 7040K, reserved 1048576K
Event: 21.628 GC heap after
Heap after GC invocations=17 (full 2):
 PSYoungGen      total 684032K, used 28835K [0x0000000780700000, 0x00000007b9f00000, 0x00000007c0000000)
  eden space 642048K, 0% used [0x0000000780700000,0x0000000780700000,0x00000007a7a00000)
  from space 41984K, 68% used [0x00000007a7a00000,0x00000007a9628f78,0x00000007aa300000)
  to   space 42496K, 0% used [0x00000007b7580000,0x00000007b7580000,0x00000007b9f00000)
 ParOldGen       total 155136K, used 104252K [0x0000000701400000, 0x000000070ab80000, 0x0000000780700000)
  object space 155136K, 67% used [0x0000000701400000,0x00000007079cf098,0x000000070ab80000)
 Metaspace       used 52808K, capacity 54530K, committed 54656K, reserved 1097728K
  class space    used 6530K, capacity 6976K, committed 7040K, reserved 1048576K
}
Event: 22.532 GC heap before
{Heap before GC invocations=18 (full 2):
 PSYoungGen      total 684032K, used 670883K [0x0000000780700000, 0x00000007b9f00000, 0x00000007c0000000)
  eden space 642048K, 100% used [0x0000000780700000,0x00000007a7a00000,0x00000007a7a00000)
  from space 41984K, 68% used [0x00000007a7a00000,0x00000007a9628f78,0x00000007aa300000)
  to   space 42496K, 0% used [0x00000007b7580000,0x00000007b7580000,0x00000007b9f00000)
 ParOldGen       total 155136K, used 104252K [0x0000000701400000, 0x000000070ab80000, 0x0000000780700000)
  object space 155136K, 67% used [0x0000000701400000,0x00000007079cf098,0x000000070ab80000)
 Metaspace       used 53441K, capacity 55226K, committed 55424K, reserved 1097728K
  class space    used 6573K, capacity 7028K, committed 7040K, reserved 1048576K
Event: 22.608 GC heap after
Heap after GC invocations=18 (full 2):
 PSYoungGen      total 900608K, used 25146K [0x0000000780700000, 0x00000007bad80000, 0x00000007c0000000)
  eden space 858112K, 0% used [0x0000000780700000,0x0000000780700000,0x00000007b4d00000)
  from space 42496K, 59% used [0x00000007b7580000,0x00000007b8e0e8a8,0x00000007b9f00000)
  to   space 41472K, 0% used [0x00000007b4d00000,0x00000007b4d00000,0x00000007b7580000)
 ParOldGen       total 155136K, used 120771K [0x0000000701400000, 0x000000070ab80000, 0x0000000780700000)
  object space 155136K, 77% used [0x0000000701400000,0x00000007089f0c40,0x000000070ab80000)
 Metaspace       used 53441K, capacity 55226K, committed 55424K, reserved 1097728K
  class space    used 6573K, capacity 7028K, committed 7040K, reserved 1048576K
}
Event: 25.151 GC heap before
{Heap before GC invocations=19 (full 2):
 PSYoungGen      total 900608K, used 883258K [0x0000000780700000, 0x00000007bad80000, 0x00000007c0000000)
  eden space 858112K, 100% used [0x0000000780700000,0x00000007b4d00000,0x00000007b4d00000)
  from space 42496K, 59% used [0x00000007b7580000,0x00000007b8e0e8a8,0x00000007b9f00000)
  to   space 41472K, 0% used [0x00000007b4d00000,0x00000007b4d00000,0x00000007b7580000)
 ParOldGen       total 155136K, used 120771K [0x0000000701400000, 0x000000070ab80000, 0x0000000780700000)
  object space 155136K, 77% used [0x0000000701400000,0x00000007089f0c40,0x000000070ab80000)
 Metaspace       used 55044K, capacity 56950K, committed 57216K, reserved 1099776K
  class space    used 6710K, capacity 7192K, committed 7296K, reserved 1048576K
Event: 25.222 GC heap after
Heap after GC invocations=19 (full 2):
 PSYoungGen      total 899584K, used 34450K [0x0000000780700000, 0x00000007c0000000, 0x00000007c0000000)
  eden space 858112K, 0% used [0x0000000780700000,0x0000000780700000,0x00000007b4d00000)
  from space 41472K, 83% used [0x00000007b4d00000,0x00000007b6ea4bf0,0x00000007b7580000)
  to   space 44032K, 0% used [0x00000007bd500000,0x00000007bd500000,0x00000007c0000000)
 ParOldGen       total 155136K, used 136878K [0x0000000701400000, 0x000000070ab80000, 0x0000000780700000)
  object space 155136K, 88% used [0x0000000701400000,0x00000007099ab958,0x000000070ab80000)
 Metaspace       used 55044K, capacity 56950K, committed 57216K, reserved 1099776K
  class space    used 6710K, capacity 7192K, committed 7296K, reserved 1048576K
}
Event: 25.222 GC heap before
{Heap before GC invocations=20 (full 3):
 PSYoungGen      total 899584K, used 34450K [0x0000000780700000, 0x00000007c0000000, 0x00000007c0000000)
  eden space 858112K, 0% used [0x0000000780700000,0x0000000780700000,0x00000007b4d00000)
  from space 41472K, 83% used [0x00000007b4d00000,0x00000007b6ea4bf0,0x00000007b7580000)
  to   space 44032K, 0% used [0x00000007bd500000,0x00000007bd500000,0x00000007c0000000)
 ParOldGen       total 155136K, used 136878K [0x0000000701400000, 0x000000070ab80000, 0x0000000780700000)
  object space 155136K, 88% used [0x0000000701400000,0x00000007099ab958,0x000000070ab80000)
 Metaspace       used 55044K, capacity 56950K, committed 57216K, reserved 1099776K
  class space    used 6710K, capacity 7192K, committed 7296K, reserved 1048576K
Event: 26.039 GC heap after
Heap after GC invocations=20 (full 3):
 PSYoungGen      total 899584K, used 0K [0x0000000780700000, 0x00000007c0000000, 0x00000007c0000000)
  eden space 858112K, 0% used [0x0000000780700000,0x0000000780700000,0x00000007b4d00000)
  from space 41472K, 0% used [0x00000007b4d00000,0x00000007b4d00000,0x00000007b7580000)
  to   space 44032K, 0% used [0x00000007bd500000,0x00000007bd500000,0x00000007c0000000)
 ParOldGen       total 291840K, used 137227K [0x0000000701400000, 0x0000000713100000, 0x0000000780700000)
  object space 291840K, 47% used [0x0000000701400000,0x0000000709a02f98,0x0000000713100000)
 Metaspace       used 50739K, capacity 52352K, committed 57216K, reserved 1099776K
  class space    used 6130K, capacity 6535K, committed 7296K, reserved 1048576K
}

Deoptimization events (10 events):
Event: 26.084 Thread 0x0000000021db8000 Uncommon trap: reason=class_check action=maybe_recompile pc=0x0000000004c1c3ec method=com.sun.tools.javac.comp.Resolve.lookupMethod(Lcom/sun/tools/javac/comp/Env;Lcom/sun/tools/javac/util/JCDiagnostic$DiagnosticPosition;Lcom/sun/tools/javac/code/Symbol;Lco4÷ô²:@
Event: 26.120 Thread 0x0000000021db8000 Uncommon trap: reason=unstable_if action=reinterpret pc=0x0000000004b63a88 method=com.sun.tools.javac.code.Symbol$TypeSymbol.formFullName(Lcom/sun/tools/javac/util/Name;Lcom/sun/tools/javac/code/Symbol;)Lcom/sun/tools/javac/util/Name; @ 22
Event: 26.120 Thread 0x0000000021db8000 Uncommon trap: reason=unstable_if action=reinterpret pc=0x0000000004601360 method=com.sun.tools.javac.code.Symbol$TypeSymbol.formFlatName(Lcom/sun/tools/javac/util/Name;Lcom/sun/tools/javac/code/Symbol;)Lcom/sun/tools/javac/util/Name; @ 11
Event: 26.121 Thread 0x0000000021db8000 Uncommon trap: reason=unstable_if action=reinterpret pc=0x00000000046d512c method=com.sun.tools.javac.code.Symbol$TypeSymbol.formFullName(Lcom/sun/tools/javac/util/Name;Lcom/sun/tools/javac/code/Symbol;)Lcom/sun/tools/javac/util/Name; @ 22
Event: 26.142 Thread 0x0000000021db8000 Uncommon trap: reason=speculate_class_check action=maybe_recompile pc=0x0000000004bd87e4 method=com.sun.tools.javac.code.Type.hasTag(Lcom/sun/tools/javac/code/TypeTag;)Z @ 2
Event: 26.142 Thread 0x0000000021db8000 Uncommon trap: reason=speculate_class_check action=maybe_recompile pc=0x0000000004bd87e4 method=com.sun.tools.javac.code.Type.hasTag(Lcom/sun/tools/javac/code/TypeTag;)Z @ 2
Event: 26.145 Thread 0x0000000021db8000 Uncommon trap: reason=speculate_class_check action=maybe_recompile pc=0x0000000004bd87e4 method=com.sun.tools.javac.code.Type.hasTag(Lcom/sun/tools/javac/code/TypeTag;)Z @ 2
Event: 26.146 Thread 0x0000000021db8000 Uncommon trap: reason=speculate_class_check action=maybe_recompile pc=0x0000000004bd87e4 method=com.sun.tools.javac.code.Type.hasTag(Lcom/sun/tools/javac/code/TypeTag;)Z @ 2
Event: 26.148 Thread 0x0000000021db8000 Uncommon trap: reason=bimorphic action=maybe_recompile pc=0x00000000039e828c method=com.sun.tools.javac.comp.Attr.check(Lcom/sun/tools/javac/tree/JCTree;Lcom/sun/tools/javac/code/Type;ILcom/sun/tools/javac/comp/Attr$ResultInfo;)Lcom/sun/tools/javac/code/TyV2ëSÿ%:@
Event: 26.148 Thread 0x0000000021db8000 Uncommon trap: reason=bimorphic action=maybe_recompile pc=0x00000000039e828c method=com.sun.tools.javac.comp.Attr.check(Lcom/sun/tools/javac/tree/JCTree;Lcom/sun/tools/javac/code/Type;ILcom/sun/tools/javac/comp/Attr$ResultInfo;)Lcom/sun/tools/javac/code/Ty¹™;¤a:@

Internal exceptions (10 events):
Event: 24.727 Thread 0x000000001fb61000 Exception <a 'java/lang/NoClassDefFoundError': javax/servlet/http/HttpServletRequest> (0x00000007b198b7c0) thrown at [C:\re\workspace\8-2-build-windows-amd64-cygwin\jdk8u91\6644\hotspot\src\share\vm\classfile\systemDictionary.cpp, line 199]
Event: 24.728 Thread 0x000000001fb61000 Exception <a 'java/lang/NoClassDefFoundError': javax/servlet/ServletRequest> (0x00000007b1992978) thrown at [C:\re\workspace\8-2-build-windows-amd64-cygwin\jdk8u91\6644\hotspot\src\share\vm\classfile\systemDictionary.cpp, line 199]
Event: 24.728 Thread 0x000000001fb61000 Exception <a 'java/lang/NoClassDefFoundError': Ljavax/servlet/ServletContext;> (0x00000007b199adb0) thrown at [C:\re\workspace\8-2-build-windows-amd64-cygwin\jdk8u91\6644\hotspot\src\share\vm\classfile\systemDictionary.cpp, line 199]
Event: 24.729 Thread 0x000000001fb61000 Exception <a 'java/lang/NoClassDefFoundError': Ljavax/servlet/ServletContext;> (0x00000007b19a3e98) thrown at [C:\re\workspace\8-2-build-windows-amd64-cygwin\jdk8u91\6644\hotspot\src\share\vm\classfile\systemDictionary.cpp, line 199]
Event: 24.730 Thread 0x000000001fb61000 Exception <a 'java/lang/NoClassDefFoundError': javax/servlet/ServletRequest> (0x00000007b19ab230) thrown at [C:\re\workspace\8-2-build-windows-amd64-cygwin\jdk8u91\6644\hotspot\src\share\vm\classfile\systemDictionary.cpp, line 199]
Event: 24.730 Thread 0x000000001fb61000 Exception <a 'java/lang/NoClassDefFoundError': javax/servlet/ServletRequest> (0x00000007b19b24e0) thrown at [C:\re\workspace\8-2-build-windows-amd64-cygwin\jdk8u91\6644\hotspot\src\share\vm\classfile\systemDictionary.cpp, line 199]
Event: 24.731 Thread 0x000000001fb61000 Exception <a 'java/lang/NoClassDefFoundError': Ljavax/servlet/ServletContext;> (0x00000007b19bb650) thrown at [C:\re\workspace\8-2-build-windows-amd64-cygwin\jdk8u91\6644\hotspot\src\share\vm\classfile\systemDictionary.cpp, line 199]
Event: 24.732 Thread 0x000000001fb61000 Exception <a 'java/lang/NoClassDefFoundError': javax/servlet/ServletRequest> (0x00000007b19c2930) thrown at [C:\re\workspace\8-2-build-windows-amd64-cygwin\jdk8u91\6644\hotspot\src\share\vm\classfile\systemDictionary.cpp, line 199]
Event: 24.732 Thread 0x000000001fb61000 Exception <a 'java/lang/NoClassDefFoundError': Ljavax/servlet/ServletContext;> (0x00000007b19ca618) thrown at [C:\re\workspace\8-2-build-windows-amd64-cygwin\jdk8u91\6644\hotspot\src\share\vm\classfile\systemDictionary.cpp, line 199]
Event: 24.733 Thread 0x000000001fb61000 Exception <a 'java/lang/NoClassDefFoundError': javax/servlet/http/HttpServletRequest> (0x00000007b19d4598) thrown at [C:\re\workspace\8-2-build-windows-amd64-cygwin\jdk8u91\6644\hotspot\src\share\vm\classfile\systemDictionary.cpp, line 199]

Events (10 events):
Event: 26.167 loading class java/util/EnumMap$Values
Event: 26.168 loading class java/util/EnumMap$Values done
Event: 26.168 loading class java/util/EnumMap$ValueIterator
Event: 26.168 loading class java/util/EnumMap$ValueIterator done
Event: 26.168 loading class com/sun/tools/javac/jvm/Pool$MethodHandle
Event: 26.168 loading class com/sun/tools/javac/jvm/Pool$MethodHandle done
Event: 26.168 loading class com/sun/tools/javac/jvm/Pool$MethodHandle$1
Event: 26.168 loading class com/sun/tools/javac/jvm/Pool$MethodHandle$1 done
Event: 26.169 loading class com/sun/tools/javac/jvm/Pool$MethodHandle$2
Event: 26.169 loading class com/sun/tools/javac/jvm/Pool$MethodHandle$2 done


Dynamic libraries:
0x000000013fec0000 - 0x000000013fef7000 	C:\Program Files\Java\jdk1.8.0_91\bin\java.exe
0x00000000774a0000 - 0x0000000077649000 	C:\Windows\SYSTEM32\ntdll.dll
0x0000000077380000 - 0x000000007749f000 	C:\Windows\system32\kernel32.dll
0x000007fefd2b0000 - 0x000007fefd31b000 	C:\Windows\system32\KERNELBASE.dll
0x000007fefe120000 - 0x000007fefe1fb000 	C:\Windows\system32\ADVAPI32.dll
0x000007feff490000 - 0x000007feff52f000 	C:\Windows\system32\msvcrt.dll
0x000007fefe6b0000 - 0x000007fefe6cf000 	C:\Windows\SYSTEM32\sechost.dll
0x000007fefd7b0000 - 0x000007fefd8dd000 	C:\Windows\system32\RPCRT4.dll
0x0000000077280000 - 0x000000007737a000 	C:\Windows\system32\USER32.dll
0x000007fefdbb0000 - 0x000007fefdc17000 	C:\Windows\system32\GDI32.dll
0x000007feff530000 - 0x000007feff53e000 	C:\Windows\system32\LPK.dll
0x000007fefe040000 - 0x000007fefe109000 	C:\Windows\system32\USP10.dll
0x000007fefc2d0000 - 0x000007fefc4c4000 	C:\Windows\WinSxS\amd64_microsoft.windows.common-controls_6595b64144ccf1df_6.0.7601.17514_none_fa396087175ac9ac\COMCTL32.dll
0x000007fefd690000 - 0x000007fefd701000 	C:\Windows\system32\SHLWAPI.dll
0x000007feff460000 - 0x000007feff48e000 	C:\Windows\system32\IMM32.DLL
0x000007fefdf30000 - 0x000007fefe039000 	C:\Windows\system32\MSCTF.dll
0x0000000074e20000 - 0x0000000074ef2000 	C:\Program Files\Java\jdk1.8.0_91\jre\bin\msvcr100.dll
0x000000006d0a0000 - 0x000000006d933000 	C:\Program Files\Java\jdk1.8.0_91\jre\bin\server\jvm.dll
0x000007fee1660000 - 0x000007fee1669000 	C:\Windows\system32\WSOCK32.dll
0x000007fefdc80000 - 0x000007fefdccd000 	C:\Windows\system32\WS2_32.dll
0x000007fefe110000 - 0x000007fefe118000 	C:\Windows\system32\NSI.dll
0x000007fefb120000 - 0x000007fefb15b000 	C:\Windows\system32\WINMM.dll
0x000007fefbfe0000 - 0x000007fefbfec000 	C:\Windows\system32\VERSION.dll
0x0000000077670000 - 0x0000000077677000 	C:\Windows\system32\PSAPI.DLL
0x0000000074e10000 - 0x0000000074e1f000 	C:\Program Files\Java\jdk1.8.0_91\jre\bin\verify.dll
0x0000000074de0000 - 0x0000000074e09000 	C:\Program Files\Java\jdk1.8.0_91\jre\bin\java.dll
0x0000000074d90000 - 0x0000000074da6000 	C:\Program Files\Java\jdk1.8.0_91\jre\bin\zip.dll
0x000007fefe6d0000 - 0x000007feff458000 	C:\Windows\system32\SHELL32.dll
0x000007fefe2a0000 - 0x000007fefe4a3000 	C:\Windows\system32\ole32.dll
0x000007fefd250000 - 0x000007fefd25f000 	C:\Windows\system32\profapi.dll
0x0000000074d70000 - 0x0000000074d8a000 	C:\Program Files\Java\jdk1.8.0_91\jre\bin\net.dll
0x000007fefca30000 - 0x000007fefca85000 	C:\Windows\system32\mswsock.dll
0x000007fefca20000 - 0x000007fefca27000 	C:\Windows\System32\wship6.dll
0x0000000074bd0000 - 0x0000000074be1000 	C:\Program Files\Java\jdk1.8.0_91\jre\bin\nio.dll

VM Arguments:
jvm_args: -Dclassworlds.conf=I:/devtools/apache-maven-3.3.9/bin/m2.conf -Dmaven.home=I:/devtools/apache-maven-3.3.9 -Dmaven.multiModuleProjectDirectory=F:/Egyetem/Szakdolgozat/DE-IK-Smart-Campus-Web 
java_command: org.codehaus.plexus.classworlds.launcher.Launcher clean install -DskipTests -T 4
java_class_path (initial): I:/devtools/apache-maven-3.3.9/boot/plexus-classworlds-2.5.2.jar
Launcher Type: SUN_STANDARD

Environment Variables:
JAVA_HOME=C:/Program Files/Java/jdk1.8.0_91
PATH=C:\Users\Nandi\bin;C:\Program Files (x86)\Git\mingw32\bin;C:\Program Files (x86)\Git\usr\local\bin;C:\Program Files (x86)\Git\usr\bin;C:\Program Files (x86)\Git\usr\bin;C:\Program Files (x86)\Git\mingw32\bin;C:\Program Files (x86)\Git\usr\bin;C:\Users\Nandi\bin;C:\ProgramData\Oracle\Java\javapath;C:\Windows\system32;C:\Windows;C:\Windows\System32\Wbem;C:\Windows\System32\WindowsPowerShell\v1.0;C:\Program Files (x86)\Skype\Phone;C:\Program Files\Java\jdk1.8.0_91\bin;C:\Program Files\Git\cmd;C:\Program Files\Git\mingw64\bin;C:\Program Files\Git\usr\bin;I:\devtools\gradle-3.1\bin;C:\Python27;C:\Program Files (x86)\sbt\bin;C:\Program Files (x86)\Heroku\bin;C:\Program Files (x86)\git\cmd;C:\Program Files (x86)\Git\cmd;I:\devtools\apache-maven-3.3.9\bin;C:\JPM4J\bin;C:\Program Files\TortoiseGit\bin;C:\Program Files\Lenovo\Bluetooth Software;C:\Program Files\Lenovo\Bluetooth Software\syswow64;C:\Program Files (x86)\Git\usr\bin\vendor_perl;C:\Program Files (x86)\Git\usr\bin\core_perl
USERNAME=Nandi
SHELL=C:\Program Files (x86)\Git\usr\bin\bash
DISPLAY=needs-to-be-defined
OS=Windows_NT
PROCESSOR_IDENTIFIER=Intel64 Family 6 Model 60 Stepping 3, GenuineIntel



---------------  S Y S T E M  ---------------

OS: Windows 7 , 64 bit Build 7601 (6.1.7601.18015)

CPU:total 8 (4 cores per cpu, 2 threads per core) family 6 model 60 stepping 3, cmov, cx8, fxsr, mmx, sse, sse2, sse3, ssse3, sse4.1, sse4.2, popcnt, avx, avx2, aes, clmul, erms, lzcnt, ht, tsc, tscinvbit, bmi1, bmi2

Memory: 4k page, physical 12497264k(664220k free), swap 14592552k(5112k free)

vm_info: Java HotSpot(TM) 64-Bit Server VM (25.91-b14) for windows-amd64 JRE (1.8.0_91-b14), built on Apr  1 2016 00:58:32 by "java_re" with MS VC++ 10.0 (VS2010)

time: Sat Mar 04 03:35:40 2017
elapsed time: 26 seconds (0d 0h 0m 26s)

